<?xml version="1.0" encoding="UTF-8"?>
<testsuite xmlns:xsi="http://www.w3.org/2001/XMLSchema-instance" xsi:noNamespaceSchemaLocation="https://maven.apache.org/surefire/maven-surefire-plugin/xsd/surefire-test-report-3.0.xsd" version="3.0" name="com.org.SpringjenkinsApplicationTests" time="3.21" tests="1" errors="0" skipped="0" failures="0">
  <properties>
[...]
</properties>
  <testcase name="contextLoads" classname="com.org.SpringjenkinsApplicationTests" time="1.114">
    <system-out><![CDATA[07:59:42.083 [main] INFO org.springframework.test.context.support.AnnotationConfigContextLoaderUtils -- Could not detect default configuration classes for test class [com.org.SpringjenkinsApplicationTests]: SpringjenkinsApplicationTests does not declare any static, non-private, non-final, nested classes annotated with @Configuration.
07:59:42.233 [main] INFO org.springframework.boot.test.context.SpringBootTestContextBootstrapper -- Found @SpringBootConfiguration com.org.SpringjenkinsApplication for test class com.org.SpringjenkinsApplicationTests

  .   ____          _            __ _ _
 /\\ / ___'_ __ _ _(_)_ __  __ _ \ \ \ \
( ( )\___ | '_ | '_| | '_ \/ _` | \ \ \ \
 \\/  ___)| |_)| | | | | || (_| |  ) ) ) )
  '  |____| .__|_| |_|_| |_\__, | / / / /
 =========|_|==============|___/=/_/_/_/

 :: Spring Boot ::                (v3.3.1)

2024-07-10T07:59:42.623+05:30  INFO 8496 --- [springjenkins] [           main] com.org.SpringjenkinsApplicationTests    : Starting SpringjenkinsApplicationTests using Java 17.0.3 with PID 8496 (started by Chellappan in E:\git_resources\springjenkins)
2024-07-10T07:59:42.624+05:30  INFO 8496 --- [springjenkins] [           main] com.org.SpringjenkinsApplicationTests    : No active profile set, falling back to 1 default profile: "default"
2024-07-10T07:59:43.946+05:30  INFO 8496 --- [springjenkins] [           main] com.org.SpringjenkinsApplicationTests    : Started SpringjenkinsApplicationTests in 1.577 seconds (process running for 3.438)
]]></system-out>
  </testcase>
</testsuite>